LineXO/app/build/outputs/logs/manifest-merger-debug-report.txt
-- Merging decision tree log ---
manifest
ADDED from src/main/AndroidManifest.xml:2:1-57:12
INJECTED from src/main/AndroidManifest.xml:2:1-57:12
INJECTED from src/main/AndroidManifest.xml:2:1-57:12
INJECTED from src/main/AndroidManifest.xml:2:1-57:12
MERGED from [com.android.databinding:adapters:3.3.2] AndroidManifest.xml:17:1-24:12
MERGED from [com.android.databinding:library:3.3.2] AndroidManifest.xml:17:1-24:12
MERGED from [com.firebaseui:firebase-ui-auth:4.3.1] AndroidManifest.xml:2:1-109:12
MERGED from [com.android.support:design:28.0.0] AndroidManifest.xml:17:1-24:12
MERGED from [me.zhanghai.android.materialprogressbar:library:1.4.2] AndroidManifest.xml:6:1-16:12
MERGED from [com.facebook.android:facebook-android-sdk:4.41.0] AndroidManifest.xml:21:1-31:12
MERGED from [com.facebook.android:facebook-login:4.41.0] AndroidManifest.xml:21:1-31:12
MERGED from [com.facebook.android:facebook-share:4.41.0] AndroidManifest.xml:21:1-31:12
MERGED from [com.facebook.android:facebook-common:4.41.0] AndroidManifest.xml:21:1-37:12
MERGED from [com.android.support:appcompat-v7:28.0.0] AndroidManifest.xml:17:1-22:12
MERGED from [com.android.support.constraint:constraint-layout:1.1.3] AndroidManifest.xml:2:1-11:12
MERGED from [com.android.support:recyclerview-v7:28.0.0] AndroidManifest.xml:17:1-22:12
MERGED from [com.github.bumptech.glide:glide:4.8.0] AndroidManifest.xml:2:1-12:12
MERGED from [android.arch.lifecycle:extensions:1.1.1] AndroidManifest.xml:17:1-30:12
MERGED from [com.google.firebase:firebase-auth:16.2.0] AndroidManifest.xml:17:1-42:12
MERGED from [com.google.firebase:firebase-database:16.1.0] AndroidManifest.xml:15:1-36:12
MERGED from [com.google.android.gms:play-services-auth:16.0.1] AndroidManifest.xml:17:1-39:12
MERGED from [com.google.android.gms:play-services-flags:16.0.1] AndroidManifest.xml:17:1-22:12
MERGED from [com.google.firebase:firebase-auth-interop:16.0.1] AndroidManifest.xml:2:1-10:12
MERGED from [com.google.android.gms:play-services-auth-api-phone:16.0.0] AndroidManifest.xml:2:1-7:12
MERGED from [com.google.android.gms:play-services-auth-base:16.0.0] AndroidManifest.xml:2:1-7:12
MERGED from [com.google.firebase:firebase-core:16.0.8] AndroidManifest.xml:2:1-9:12
MERGED from [com.google.firebase:firebase-analytics:16.4.0] AndroidManifest.xml:2:1-9:12
MERGED from [com.google.android.gms:play-services-measurement-api:16.4.0] AndroidManifest.xml:17:1-36:12
MERGED from [com.google.firebase:firebase-iid:17.0.3] AndroidManifest.xml:17:1-59:12
MERGED from [com.google.firebase:firebase-iid-interop:16.0.1] AndroidManifest.xml:2:1-10:12
MERGED from [com.google.android.gms:play-services-base:16.0.1] AndroidManifest.xml:17:1-29:12
MERGED from [com.google.firebase:firebase-common:16.1.0] AndroidManifest.xml:2:1-19:12
MERGED from [com.google.android.gms:play-services-tasks:16.0.1] AndroidManifest.xml:2:1-9:12
MERGED from [com.google.android.gms:play-services-measurement:16.4.0] AndroidManifest.xml:17:1-55:12
MERGED from [com.google.android.gms:play-services-measurement-sdk:16.4.0] AndroidManifest.xml:17:1-25:12
MERGED from [com.google.android.gms:play-services-measurement-impl:16.4.0] AndroidManifest.xml:17:1-40:12
MERGED from [com.google.android.gms:play-services-measurement-sdk-api:16.4.0] AndroidManifest.xml:17:1-30:12
MERGED from [com.google.android.gms:play-services-measurement-base:16.4.0] AndroidManifest.xml:2:1-9:12
MERGED from [com.google.android.gms:play-services-stats:16.0.1] AndroidManifest.xml:2:1-9:12
MERGED from [com.google.firebase:firebase-measurement-connector:17.0.1] AndroidManifest.xml:17:1-25:12
MERGED from [com.google.android.gms:play-services-ads-identifier:16.0.0] AndroidManifest.xml:17:1-24:12
MERGED from [com.google.android.gms:play-services-basement:16.2.0] AndroidManifest.xml:17:1-28:12
MERGED from [com.android.support:support-v4:28.0.0] AndroidManifest.xml:17:1-22:12
MERGED from [com.android.support:support-fragment:28.0.0] AndroidManifest.xml:17:1-22:12
MERGED from [com.android.support:animated-vector-drawable:28.0.0] AndroidManifest.xml:17:1-22:12
MERGED from [com.android.support:customtabs:28.0.0] AndroidManifest.xml:17:1-22:12
MERGED from [com.android.support:support-core-ui:28.0.0] AndroidManifest.xml:17:1-22:12
MERGED from [com.facebook.android:facebook-places:4.41.0] AndroidManifest.xml:21:1-31:12
MERGED from [com.facebook.android:facebook-applinks:4.41.0] AndroidManifest.xml:21:1-31:12
MERGED from [com.facebook.android:facebook-messenger:4.41.0] AndroidManifest.xml:21:1-31:12
MERGED from [com.facebook.android:facebook-marketing:4.41.0] AndroidManifest.xml:21:1-35:12
MERGED from [com.facebook.android:facebook-core:4.41.0] AndroidManifest.xml:21:1-53:12
MERGED from [com.android.support:support-core-utils:28.0.0] AndroidManifest.xml:17:1-22:12
MERGED from [com.android.support:support-vector-drawable:28.0.0] AndroidManifest.xml:17:1-22:12
MERGED from [com.android.support:loader:28.0.0] AndroidManifest.xml:17:1-22:12
MERGED from [com.android.support:viewpager:28.0.0] AndroidManifest.xml:17:1-22:12
MERGED from [com.android.support:coordinatorlayout:28.0.0] AndroidManifest.xml:17:1-22:12
MERGED from [com.android.support:drawerlayout:28.0.0] AndroidManifest.xml:17:1-22:12
MERGED from [com.android.support:slidingpanelayout:28.0.0] AndroidManifest.xml:17:1-22:12
MERGED from [com.android.support:customview:28.0.0] AndroidManifest.xml:17:1-22:12
MERGED from [com.android.support:swiperefreshlayout:28.0.0] AndroidManifest.xml:17:1-22:12
MERGED from [com.android.support:asynclayoutinflater:28.0.0] AndroidManifest.xml:17:1-22:12
MERGED from [com.android.support:transition:28.0.0] AndroidManifest.xml:17:1-22:12
MERGED from [com.android.support:support-media-compat:28.0.0] AndroidManifest.xml:17:1-22:12
MERGED from [com.android.support:support-compat:28.0.0] AndroidManifest.xml:17:1-24:12
MERGED from [com.android.support:versionedparcelable:28.0.0] AndroidManifest.xml:17:1-25:12
MERGED from [com.android.support:cursoradapter:28.0.0] AndroidManifest.xml:17:1-22:12
MERGED from [com.github.bumptech.glide:gifdecoder:4.8.0] AndroidManifest.xml:2:1-11:12
MERGED from [com.android.support:cardview-v7:28.0.0] AndroidManifest.xml:17:1-22:12
MERGED from [com.android.support:documentfile:28.0.0] AndroidManifest.xml:17:1-22:12
MERGED from [com.android.support:localbroadcastmanager:28.0.0] AndroidManifest.xml:17:1-22:12
MERGED from [com.android.support:print:28.0.0] AndroidManifest.xml:17:1-22:12
MERGED from [android.arch.lifecycle:runtime:1.1.1] AndroidManifest.xml:17:1-22:12
MERGED from [android.arch.lifecycle:viewmodel:1.1.1] AndroidManifest.xml:17:1-22:12
MERGED from [com.android.support:interpolator:28.0.0] AndroidManifest.xml:17:1-22:12
MERGED from [android.arch.lifecycle:livedata:1.1.1] AndroidManifest.xml:17:1-22:12
MERGED from [android.arch.lifecycle:livedata-core:1.1.1] AndroidManifest.xml:17:1-22:12
MERGED from [android.arch.core:runtime:1.1.1] AndroidManifest.xml:17:1-22:12
MERGED from [io.reactivex.rxjava2:rxandroid:2.0.2] AndroidManifest.xml:15:1-21:12
MERGED from [com.google.firebase:firebase-database-collection:16.0.1] AndroidManifest.xml:2:1-7:12
INJECTED from src/main/AndroidManifest.xml:2:1-57:12
INJECTED from src/main/AndroidManifest.xml:2:1-57:12
INJECTED from src/main/AndroidManifest.xml:2:1-57:12
	package
		ADDED from src/main/AndroidManifest.xml:4:5-34
		INJECTED from src/main/AndroidManifest.xml
		INJECTED from src/main/AndroidManifest.xml
	android:versionName
		INJECTED from src/main/AndroidManifest.xml
		ADDED from src/main/AndroidManifest.xml:2:1-57:12
		INJECTED from src/main/AndroidManifest.xml
	xmlns:tools
		ADDED from src/main/AndroidManifest.xml:3:5-51
	android:versionCode
		INJECTED from src/main/AndroidManifest.xml
		ADDED from src/main/AndroidManifest.xml:2:1-57:12
		INJECTED from src/main/AndroidManifest.xml
	xmlns:android
		ADDED from src/main/AndroidManifest.xml:2:11-69
uses-permission#android.permission.INTERNET
ADDED from src/main/AndroidManifest.xml:6:5-67
MERGED from [com.firebaseui:firebase-ui-auth:4.3.1] AndroidManifest.xml:13:5-67
MERGED from [com.firebaseui:firebase-ui-auth:4.3.1] AndroidManifest.xml:13:5-67
MERGED from [com.google.firebase:firebase-database:16.1.0] AndroidManifest.xml:26:5-67
MERGED from [com.google.firebase:firebase-database:16.1.0] AndroidManifest.xml:26:5-67
MERGED from [com.google.android.gms:play-services-measurement-api:16.4.0] AndroidManifest.xml:22:5-67
MERGED from [com.google.android.gms:play-services-measurement-api:16.4.0] AndroidManifest.xml:22:5-67
MERGED from [com.google.firebase:firebase-iid:17.0.3] AndroidManifest.xml:23:5-67
MERGED from [com.google.firebase:firebase-iid:17.0.3] AndroidManifest.xml:23:5-67
MERGED from [com.google.android.gms:play-services-measurement:16.4.0] AndroidManifest.xml:23:5-67
MERGED from [com.google.android.gms:play-services-measurement:16.4.0] AndroidManifest.xml:23:5-67
MERGED from [com.google.android.gms:play-services-measurement-impl:16.4.0] AndroidManifest.xml:23:5-67
MERGED from [com.google.android.gms:play-services-measurement-impl:16.4.0] AndroidManifest.xml:23:5-67
MERGED from [com.google.android.gms:play-services-measurement-sdk-api:16.4.0] AndroidManifest.xml:23:5-67
MERGED from [com.google.android.gms:play-services-measurement-sdk-api:16.4.0] AndroidManifest.xml:23:5-67
	android:name
		ADDED from src/main/AndroidManifest.xml:6:22-64
uses-permission#android.permission.ACCESS_NETWORK_STATE
ADDED from src/main/AndroidManifest.xml:7:5-79
MERGED from [com.firebaseui:firebase-ui-auth:4.3.1] AndroidManifest.xml:12:5-79
MERGED from [com.firebaseui:firebase-ui-auth:4.3.1] AndroidManifest.xml:12:5-79
MERGED from [com.google.firebase:firebase-database:16.1.0] AndroidManifest.xml:25:5-79
MERGED from [com.google.firebase:firebase-database:16.1.0] AndroidManifest.xml:25:5-79
MERGED from [com.google.android.gms:play-services-measurement-api:16.4.0] AndroidManifest.xml:23:5-79
MERGED from [com.google.android.gms:play-services-measurement-api:16.4.0] AndroidManifest.xml:23:5-79
MERGED from [com.google.firebase:firebase-iid:17.0.3] AndroidManifest.xml:22:5-79
MERGED from [com.google.firebase:firebase-iid:17.0.3] AndroidManifest.xml:22:5-79
MERGED from [com.google.android.gms:play-services-measurement:16.4.0] AndroidManifest.xml:24:5-79
MERGED from [com.google.android.gms:play-services-measurement:16.4.0] AndroidManifest.xml:24:5-79
MERGED from [com.google.android.gms:play-services-measurement-impl:16.4.0] AndroidManifest.xml:24:5-79
MERGED from [com.google.android.gms:play-services-measurement-impl:16.4.0] AndroidManifest.xml:24:5-79
MERGED from [com.google.android.gms:play-services-measurement-sdk-api:16.4.0] AndroidManifest.xml:24:5-79
MERGED from [com.google.android.gms:play-services-measurement-sdk-api:16.4.0] AndroidManifest.xml:24:5-79
	android:name
		ADDED from src/main/AndroidManifest.xml:7:22-76
uses-permission#android.permission.WRITE_EXTERNAL_STORAGE
ADDED from src/main/AndroidManifest.xml:8:5-81
	android:name
		ADDED from src/main/AndroidManifest.xml:8:22-78
application
ADDED from src/main/AndroidManifest.xml:10:5-56:19
MERGED from [com.firebaseui:firebase-ui-auth:4.3.1] AndroidManifest.xml:15:5-107:19
MERGED from [com.firebaseui:firebase-ui-auth:4.3.1] AndroidManifest.xml:15:5-107:19
MERGED from [com.android.support:design:28.0.0] AndroidManifest.xml:22:5-20
MERGED from [com.android.support:design:28.0.0] AndroidManifest.xml:22:5-20
MERGED from [com.facebook.android:facebook-android-sdk:4.41.0] AndroidManifest.xml:28:5-29:19
MERGED from [com.facebook.android:facebook-android-sdk:4.41.0] AndroidManifest.xml:28:5-29:19
MERGED from [com.facebook.android:facebook-login:4.41.0] AndroidManifest.xml:28:5-29:19
MERGED from [com.facebook.android:facebook-login:4.41.0] AndroidManifest.xml:28:5-29:19
MERGED from [com.facebook.android:facebook-share:4.41.0] AndroidManifest.xml:28:5-29:19
MERGED from [com.facebook.android:facebook-share:4.41.0] AndroidManifest.xml:28:5-29:19
MERGED from [com.facebook.android:facebook-common:4.41.0] AndroidManifest.xml:28:5-35:19
MERGED from [com.facebook.android:facebook-common:4.41.0] AndroidManifest.xml:28:5-35:19
MERGED from [com.android.support.constraint:constraint-layout:1.1.3] AndroidManifest.xml:9:5-20
MERGED from [com.android.support.constraint:constraint-layout:1.1.3] AndroidManifest.xml:9:5-20
MERGED from [com.github.bumptech.glide:glide:4.8.0] AndroidManifest.xml:10:5-20
MERGED from [com.github.bumptech.glide:glide:4.8.0] AndroidManifest.xml:10:5-20
MERGED from [android.arch.lifecycle:extensions:1.1.1] AndroidManifest.xml:22:5-28:19
MERGED from [android.arch.lifecycle:extensions:1.1.1] AndroidManifest.xml:22:5-28:19
MERGED from [com.google.firebase:firebase-auth:16.2.0] AndroidManifest.xml:23:5-40:19
MERGED from [com.google.firebase:firebase-auth:16.2.0] AndroidManifest.xml:23:5-40:19
MERGED from [com.google.firebase:firebase-database:16.1.0] AndroidManifest.xml:28:5-34:19
MERGED from [com.google.firebase:firebase-database:16.1.0] AndroidManifest.xml:28:5-34:19
MERGED from [com.google.android.gms:play-services-auth:16.0.1] AndroidManifest.xml:22:5-37:19
MERGED from [com.google.android.gms:play-services-auth:16.0.1] AndroidManifest.xml:22:5-37:19
MERGED from [com.google.firebase:firebase-auth-interop:16.0.1] AndroidManifest.xml:7:5-8:19
MERGED from [com.google.firebase:firebase-auth-interop:16.0.1] AndroidManifest.xml:7:5-8:19
MERGED from [com.google.firebase:firebase-core:16.0.8] AndroidManifest.xml:7:5-20
MERGED from [com.google.firebase:firebase-core:16.0.8] AndroidManifest.xml:7:5-20
MERGED from [com.google.firebase:firebase-analytics:16.4.0] AndroidManifest.xml:7:5-20
MERGED from [com.google.firebase:firebase-analytics:16.4.0] AndroidManifest.xml:7:5-20
MERGED from [com.google.android.gms:play-services-measurement-api:16.4.0] AndroidManifest.xml:26:5-34:19
MERGED from [com.google.android.gms:play-services-measurement-api:16.4.0] AndroidManifest.xml:26:5-34:19
MERGED from [com.google.firebase:firebase-iid:17.0.3] AndroidManifest.xml:28:5-57:19
MERGED from [com.google.firebase:firebase-iid:17.0.3] AndroidManifest.xml:28:5-57:19
MERGED from [com.google.firebase:firebase-iid-interop:16.0.1] AndroidManifest.xml:7:5-8:19
MERGED from [com.google.firebase:firebase-iid-interop:16.0.1] AndroidManifest.xml:7:5-8:19
MERGED from [com.google.android.gms:play-services-base:16.0.1] AndroidManifest.xml:22:5-27:19
MERGED from [com.google.android.gms:play-services-base:16.0.1] AndroidManifest.xml:22:5-27:19
MERGED from [com.google.firebase:firebase-common:16.1.0] AndroidManifest.xml:11:5-17:19
MERGED from [com.google.firebase:firebase-common:16.1.0] AndroidManifest.xml:11:5-17:19
MERGED from [com.google.android.gms:play-services-tasks:16.0.1] AndroidManifest.xml:7:5-20
MERGED from [com.google.android.gms:play-services-tasks:16.0.1] AndroidManifest.xml:7:5-20
MERGED from [com.google.android.gms:play-services-measurement:16.4.0] AndroidManifest.xml:28:5-53:19
MERGED from [com.google.android.gms:play-services-measurement:16.4.0] AndroidManifest.xml:28:5-53:19
MERGED from [com.google.android.gms:play-services-measurement-sdk:16.4.0] AndroidManifest.xml:22:5-23:19
MERGED from [com.google.android.gms:play-services-measurement-sdk:16.4.0] AndroidManifest.xml:22:5-23:19
MERGED from [com.google.android.gms:play-services-measurement-impl:16.4.0] AndroidManifest.xml:28:5-38:19
MERGED from [com.google.android.gms:play-services-measurement-impl:16.4.0] AndroidManifest.xml:28:5-38:19
MERGED from [com.google.android.gms:play-services-measurement-sdk-api:16.4.0] AndroidManifest.xml:27:5-28:19
MERGED from [com.google.android.gms:play-services-measurement-sdk-api:16.4.0] AndroidManifest.xml:27:5-28:19
MERGED from [com.google.android.gms:play-services-measurement-base:16.4.0] AndroidManifest.xml:7:5-20
MERGED from [com.google.android.gms:play-services-measurement-base:16.4.0] AndroidManifest.xml:7:5-20
MERGED from [com.google.android.gms:play-services-stats:16.0.1] AndroidManifest.xml:7:5-20
MERGED from [com.google.android.gms:play-services-stats:16.0.1] AndroidManifest.xml:7:5-20
MERGED from [com.google.firebase:firebase-measurement-connector:17.0.1] AndroidManifest.xml:22:5-23:19
MERGED from [com.google.firebase:firebase-measurement-connector:17.0.1] AndroidManifest.xml:22:5-23:19
MERGED from [com.google.android.gms:play-services-ads-identifier:16.0.0] AndroidManifest.xml:22:5-20
MERGED from [com.google.android.gms:play-services-ads-identifier:16.0.0] AndroidManifest.xml:22:5-20
MERGED from [com.google.android.gms:play-services-basement:16.2.0] AndroidManifest.xml:22:5-26:19
MERGED from [com.google.android.gms:play-services-basement:16.2.0] AndroidManifest.xml:22:5-26:19
MERGED from [com.facebook.android:facebook-places:4.41.0] AndroidManifest.xml:28:5-29:19
MERGED from [com.facebook.android:facebook-places:4.41.0] AndroidManifest.xml:28:5-29:19
MERGED from [com.facebook.android:facebook-applinks:4.41.0] AndroidManifest.xml:28:5-29:19
MERGED from [com.facebook.android:facebook-applinks:4.41.0] AndroidManifest.xml:28:5-29:19
MERGED from [com.facebook.android:facebook-messenger:4.41.0] AndroidManifest.xml:28:5-29:19
MERGED from [com.facebook.android:facebook-messenger:4.41.0] AndroidManifest.xml:28:5-29:19
MERGED from [com.facebook.android:facebook-marketing:4.41.0] AndroidManifest.xml:28:5-33:19
MERGED from [com.facebook.android:facebook-marketing:4.41.0] AndroidManifest.xml:28:5-33:19
MERGED from [com.facebook.android:facebook-core:4.41.0] AndroidManifest.xml:28:5-51:19
MERGED from [com.facebook.android:facebook-core:4.41.0] AndroidManifest.xml:28:5-51:19
MERGED from [com.android.support:support-compat:28.0.0] AndroidManifest.xml:22:5-94
MERGED from [com.android.support:support-compat:28.0.0] AndroidManifest.xml:22:5-94
MERGED from [com.android.support:versionedparcelable:28.0.0] AndroidManifest.xml:22:5-23:19
MERGED from [com.android.support:versionedparcelable:28.0.0] AndroidManifest.xml:22:5-23:19
MERGED from [com.github.bumptech.glide:gifdecoder:4.8.0] AndroidManifest.xml:9:5-20
MERGED from [com.github.bumptech.glide:gifdecoder:4.8.0] AndroidManifest.xml:9:5-20
	android:appComponentFactory
		ADDED from [com.android.support:support-compat:28.0.0] AndroidManifest.xml:22:18-91
	android:supportsRtl
		ADDED from src/main/AndroidManifest.xml:15:9-35
	android:label
		ADDED from src/main/AndroidManifest.xml:13:9-41
	tools:ignore
		ADDED from src/main/AndroidManifest.xml:17:9-48
	android:roundIcon
		ADDED from src/main/AndroidManifest.xml:14:9-54
	android:icon
		ADDED from src/main/AndroidManifest.xml:12:9-43
	android:allowBackup
		ADDED from src/main/AndroidManifest.xml:11:9-36
	android:theme
		ADDED from src/main/AndroidManifest.xml:16:9-40
activity#vn.edu.hcmut.linexo.presentation.view.splash.SplashActivity
ADDED from src/main/AndroidManifest.xml:18:9-26:20
	android:screenOrientation
		ADDED from src/main/AndroidManifest.xml:20:13-49
	android:name
		ADDED from src/main/AndroidManifest.xml:19:13-68
intent-filter#action:name:android.intent.action.MAIN+category:name:android.intent.category.LAUNCHER
ADDED from src/main/AndroidManifest.xml:21:13-25:29
action#android.intent.action.MAIN
ADDED from src/main/AndroidManifest.xml:22:17-69
	android:name
		ADDED from src/main/AndroidManifest.xml:22:25-66
category#android.intent.category.LAUNCHER
ADDED from src/main/AndroidManifest.xml:24:17-77
	android:name
		ADDED from src/main/AndroidManifest.xml:24:27-74
activity#vn.edu.hcmut.linexo.presentation.view.room.RoomActivity
ADDED from src/main/AndroidManifest.xml:27:9-30:71
	android:screenOrientation
		ADDED from src/main/AndroidManifest.xml:29:13-49
	android:windowSoftInputMode
		ADDED from src/main/AndroidManifest.xml:30:13-68
	android:name
		ADDED from src/main/AndroidManifest.xml:28:13-64
activity#vn.edu.hcmut.linexo.presentation.view.play.PlayActivity
ADDED from src/main/AndroidManifest.xml:31:9-34:71
	android:screenOrientation
		ADDED from src/main/AndroidManifest.xml:33:13-50
	android:windowSoftInputMode
		ADDED from src/main/AndroidManifest.xml:34:13-68
	android:name
		ADDED from src/main/AndroidManifest.xml:32:13-64
meta-data#com.facebook.sdk.ApplicationId
ADDED from src/main/AndroidManifest.xml:36:9-39:44
MERGED from [com.firebaseui:firebase-ui-auth:4.3.1] AndroidManifest.xml:19:9-21:63
MERGED from [com.firebaseui:firebase-ui-auth:4.3.1] AndroidManifest.xml:19:9-21:63
	tools:replace
		ADDED from src/main/AndroidManifest.xml:39:13-42
	android:value
		ADDED from src/main/AndroidManifest.xml:38:13-52
		REJECTED from [com.firebaseui:firebase-ui-auth:4.3.1] AndroidManifest.xml:21:13-60
	android:name
		ADDED from src/main/AndroidManifest.xml:37:13-58
activity#com.facebook.FacebookActivity
ADDED from src/main/AndroidManifest.xml:41:9-44:48
MERGED from [com.firebaseui:firebase-ui-auth:4.3.1] AndroidManifest.xml:83:9-87:48
MERGED from [com.firebaseui:firebase-ui-auth:4.3.1] AndroidManifest.xml:83:9-87:48
MERGED from [com.facebook.android:facebook-common:4.41.0] AndroidManifest.xml:29:9-32:66
MERGED from [com.facebook.android:facebook-common:4.41.0] AndroidManifest.xml:29:9-32:66
	android:label
		ADDED from src/main/AndroidManifest.xml:44:13-45
	tools:ignore
		ADDED from [com.firebaseui:firebase-ui-auth:4.3.1] AndroidManifest.xml:87:13-45
	android:configChanges
		ADDED from src/main/AndroidManifest.xml:43:13-96
	android:theme
		ADDED from [com.facebook.android:facebook-common:4.41.0] AndroidManifest.xml:32:13-63
	android:name
		ADDED from src/main/AndroidManifest.xml:42:13-57
activity#com.facebook.CustomTabActivity
ADDED from src/main/AndroidManifest.xml:45:9-55:20
MERGED from [com.firebaseui:firebase-ui-auth:4.3.1] AndroidManifest.xml:88:9-100:20
MERGED from [com.firebaseui:firebase-ui-auth:4.3.1] AndroidManifest.xml:88:9-100:20
MERGED from [com.facebook.android:facebook-common:4.41.0] AndroidManifest.xml:34:9-67
MERGED from [com.facebook.android:facebook-common:4.41.0] AndroidManifest.xml:34:9-67
	android:exported
		ADDED from src/main/AndroidManifest.xml:47:13-36
	tools:ignore
		ADDED from [com.firebaseui:firebase-ui-auth:4.3.1] AndroidManifest.xml:91:13-45
	android:name
		ADDED from src/main/AndroidManifest.xml:46:13-58
intent-filter#action:name:android.intent.action.VIEW+category:name:android.intent.category.BROWSABLE+category:name:android.intent.category.DEFAULT+data:scheme:@string/fb_login_protocol_scheme
ADDED from src/main/AndroidManifest.xml:48:13-54:29
action#android.intent.action.VIEW
ADDED from src/main/AndroidManifest.xml:48:28-80
	android:name
		ADDED from src/main/AndroidManifest.xml:48:36-77
category#android.intent.category.DEFAULT
ADDED from src/main/AndroidManifest.xml:50:17-76
	android:name
		ADDED from src/main/AndroidManifest.xml:50:27-73
category#android.intent.category.BROWSABLE
ADDED from src/main/AndroidManifest.xml:51:17-78
	android:name
		ADDED from src/main/AndroidManifest.xml:51:27-75
data
ADDED from src/main/AndroidManifest.xml:53:17-75
	android:scheme
		ADDED from src/main/AndroidManifest.xml:53:23-72
uses-sdk
INJECTED from src/main/AndroidManifest.xml reason: use-sdk injection requested
INJECTED from src/main/AndroidManifest.xml
INJECTED from src/main/AndroidManifest.xml
MERGED from [com.android.databinding:adapters:3.3.2] AndroidManifest.xml:22:5-44
MERGED from [com.android.databinding:adapters:3.3.2] AndroidManifest.xml:22:5-44
MERGED from [com.android.databinding:library:3.3.2] AndroidManifest.xml:22:5-44
MERGED from [com.android.databinding:library:3.3.2] AndroidManifest.xml:22:5-44
MERGED from [com.firebaseui:firebase-ui-auth:4.3.1] AndroidManifest.xml:8:5-10:41
MERGED from [com.firebaseui:firebase-ui-auth:4.3.1] AndroidManifest.xml:8:5-10:41
MERGED from [com.android.support:design:28.0.0] AndroidManifest.xml:20:5-44
MERGED from [com.android.support:design:28.0.0] AndroidManifest.xml:20:5-44
MERGED from [me.zhanghai.android.materialprogressbar:library:1.4.2] AndroidManifest.xml:12:5-14:41
MERGED from [me.zhanghai.android.materialprogressbar:library:1.4.2] AndroidManifest.xml:12:5-14:41
MERGED from [com.facebook.android:facebook-android-sdk:4.41.0] AndroidManifest.xml:24:5-26:41
MERGED from [com.facebook.android:facebook-android-sdk:4.41.0] AndroidManifest.xml:24:5-26:41
MERGED from [com.facebook.android:facebook-login:4.41.0] AndroidManifest.xml:24:5-26:41
MERGED from [com.facebook.android:facebook-login:4.41.0] AndroidManifest.xml:24:5-26:41
MERGED from [com.facebook.android:facebook-share:4.41.0] AndroidManifest.xml:24:5-26:41
MERGED from [com.facebook.android:facebook-share:4.41.0] AndroidManifest.xml:24:5-26:41
MERGED from [com.facebook.android:facebook-common:4.41.0] AndroidManifest.xml:24:5-26:41
MERGED from [com.facebook.android:facebook-common:4.41.0] AndroidManifest.xml:24:5-26:41
MERGED from [com.android.support:appcompat-v7:28.0.0] AndroidManifest.xml:20:5-44
MERGED from [com.android.support:appcompat-v7:28.0.0] AndroidManifest.xml:20:5-44
MERGED from [com.android.support.constraint:constraint-layout:1.1.3] AndroidManifest.xml:5:5-7:41
MERGED from [com.android.support.constraint:constraint-layout:1.1.3] AndroidManifest.xml:5:5-7:41
MERGED from [com.android.support:recyclerview-v7:28.0.0] AndroidManifest.xml:20:5-44
MERGED from [com.android.support:recyclerview-v7:28.0.0] AndroidManifest.xml:20:5-44
MERGED from [com.github.bumptech.glide:glide:4.8.0] AndroidManifest.xml:6:5-8:41
MERGED from [com.github.bumptech.glide:glide:4.8.0] AndroidManifest.xml:6:5-8:41
MERGED from [android.arch.lifecycle:extensions:1.1.1] AndroidManifest.xml:20:5-44
MERGED from [android.arch.lifecycle:extensions:1.1.1] AndroidManifest.xml:20:5-44
MERGED from [com.google.firebase:firebase-auth:16.2.0] AndroidManifest.xml:21:5-44
MERGED from [com.google.firebase:firebase-auth:16.2.0] AndroidManifest.xml:21:5-44
MERGED from [com.google.firebase:firebase-database:16.1.0] AndroidManifest.xml:19:5-21:41
MERGED from [com.google.firebase:firebase-database:16.1.0] AndroidManifest.xml:19:5-21:41
MERGED from [com.google.android.gms:play-services-auth:16.0.1] AndroidManifest.xml:20:5-44
MERGED from [com.google.android.gms:play-services-auth:16.0.1] AndroidManifest.xml:20:5-44
MERGED from [com.google.android.gms:play-services-flags:16.0.1] AndroidManifest.xml:20:5-44
MERGED from [com.google.android.gms:play-services-flags:16.0.1] AndroidManifest.xml:20:5-44
MERGED from [com.google.firebase:firebase-auth-interop:16.0.1] AndroidManifest.xml:5:5-44
MERGED from [com.google.firebase:firebase-auth-interop:16.0.1] AndroidManifest.xml:5:5-44
MERGED from [com.google.android.gms:play-services-auth-api-phone:16.0.0] AndroidManifest.xml:5:5-44
MERGED from [com.google.android.gms:play-services-auth-api-phone:16.0.0] AndroidManifest.xml:5:5-44
MERGED from [com.google.android.gms:play-services-auth-base:16.0.0] AndroidManifest.xml:5:5-44
MERGED from [com.google.android.gms:play-services-auth-base:16.0.0] AndroidManifest.xml:5:5-44
MERGED from [com.google.firebase:firebase-core:16.0.8] AndroidManifest.xml:5:5-44
MERGED from [com.google.firebase:firebase-core:16.0.8] AndroidManifest.xml:5:5-44
MERGED from [com.google.firebase:firebase-analytics:16.4.0] AndroidManifest.xml:5:5-44
MERGED from [com.google.firebase:firebase-analytics:16.4.0] AndroidManifest.xml:5:5-44
MERGED from [com.google.android.gms:play-services-measurement-api:16.4.0] AndroidManifest.xml:20:5-44
MERGED from [com.google.android.gms:play-services-measurement-api:16.4.0] AndroidManifest.xml:20:5-44
MERGED from [com.google.firebase:firebase-iid:17.0.3] AndroidManifest.xml:20:5-44
MERGED from [com.google.firebase:firebase-iid:17.0.3] AndroidManifest.xml:20:5-44
MERGED from [com.google.firebase:firebase-iid-interop:16.0.1] AndroidManifest.xml:5:5-44
MERGED from [com.google.firebase:firebase-iid-interop:16.0.1] AndroidManifest.xml:5:5-44
MERGED from [com.google.android.gms:play-services-base:16.0.1] AndroidManifest.xml:20:5-44
MERGED from [com.google.android.gms:play-services-base:16.0.1] AndroidManifest.xml:20:5-44
MERGED from [com.google.firebase:firebase-common:16.1.0] AndroidManifest.xml:6:5-8:41
MERGED from [com.google.firebase:firebase-common:16.1.0] AndroidManifest.xml:6:5-8:41
MERGED from [com.google.android.gms:play-services-tasks:16.0.1] AndroidManifest.xml:5:5-44
MERGED from [com.google.android.gms:play-services-tasks:16.0.1] AndroidManifest.xml:5:5-44
MERGED from [com.google.android.gms:play-services-measurement:16.4.0] AndroidManifest.xml:20:5-44
MERGED from [com.google.android.gms:play-services-measurement:16.4.0] AndroidManifest.xml:20:5-44
MERGED from [com.google.android.gms:play-services-measurement-sdk:16.4.0] AndroidManifest.xml:20:5-44
MERGED from [com.google.android.gms:play-services-measurement-sdk:16.4.0] AndroidManifest.xml:20:5-44
MERGED from [com.google.android.gms:play-services-measurement-impl:16.4.0] AndroidManifest.xml:20:5-44
MERGED from [com.google.android.gms:play-services-measurement-impl:16.4.0] AndroidManifest.xml:20:5-44
MERGED from [com.google.android.gms:play-services-measurement-sdk-api:16.4.0] AndroidManifest.xml:20:5-44
MERGED from [com.google.android.gms:play-services-measurement-sdk-api:16.4.0] AndroidManifest.xml:20:5-44
MERGED from [com.google.android.gms:play-services-measurement-base:16.4.0] AndroidManifest.xml:5:5-44
MERGED from [com.google.android.gms:play-services-measurement-base:16.4.0] AndroidManifest.xml:5:5-44
MERGED from [com.google.android.gms:play-services-stats:16.0.1] AndroidManifest.xml:5:5-44
MERGED from [com.google.android.gms:play-services-stats:16.0.1] AndroidManifest.xml:5:5-44
MERGED from [com.google.firebase:firebase-measurement-connector:17.0.1] AndroidManifest.xml:20:5-44
MERGED from [com.google.firebase:firebase-measurement-connector:17.0.1] AndroidManifest.xml:20:5-44
MERGED from [com.google.android.gms:play-services-ads-identifier:16.0.0] AndroidManifest.xml:20:5-44
MERGED from [com.google.android.gms:play-services-ads-identifier:16.0.0] AndroidManifest.xml:20:5-44
MERGED from [com.google.android.gms:play-services-basement:16.2.0] AndroidManifest.xml:20:5-44
MERGED from [com.google.android.gms:play-services-basement:16.2.0] AndroidManifest.xml:20:5-44